2012-09-21 15:52:51,402 INFO Online with user pythonerclub@gmail.com
2012-09-21 15:56:08,360 INFO Online with user cnpytoner@gmail.com
2012-09-21 15:57:29,463 INFO Online with user cnpytoner@gmail.com
2012-09-21 15:57:47,708 INFO pythonerclub@gmail.com add in the group
2012-09-21 15:58:24,757 INFO pythonerclub@gmail.com leave the group
2012-09-21 15:58:43,340 INFO pythonerclub@gmail.com add in the group
2012-09-21 15:59:17,993 INFO Online with user cnpytoner@gmail.com
2012-09-21 15:59:19,180 INFO pythonerclub@gmail.com add in the group
2012-09-21 15:59:36,445 INFO Online with user cnpytoner@gmail.com
2012-09-21 15:59:37,621 INFO pythonerclub@gmail.com add in the group
2012-09-21 16:01:06,501 INFO pythonerclub@gmail.com leave the group
2012-09-21 16:02:15,002 INFO Online with user cnpytoner@gmail.com
2012-09-21 16:05:50,497 INFO coldnight.linux@gmail.com leave the group
2012-09-21 16:06:33,206 INFO coldnight.linux@gmail.com add in the group
2012-09-21 16:07:44,979 INFO Online with user cnpytoner@gmail.com
2012-09-21 16:08:59,209 INFO coldnight.linux@gmail.com add in the group
2012-09-21 16:15:16,458 INFO Online with user cnpytoner@gmail.com
2012-09-21 16:16:18,142 INFO coldnight.linux@gmail.com add in the group
2012-09-21 16:18:04,824 INFO Online with user cnpytoner@gmail.com
2012-09-21 16:18:15,930 INFO coldnight.linux@gmail.com add in the group
2012-09-21 16:18:29,382 INFO Online with user cnpytoner@gmail.com
2012-09-21 16:37:38,890 INFO Online with user cnpytoner@gmail.com
2012-09-21 16:39:09,306 INFO Online with user cnpytoner@gmail.com
2012-09-21 16:40:25,684 INFO Online with user cnpytoner@gmail.com
2012-09-21 16:40:54,073 INFO pythonerclub@gmail.com add in the group
2012-09-21 16:42:12,502 INFO Online with user cnpytoner@gmail.com
2012-09-21 16:47:30,130 INFO Online with user cnpytoner@gmail.com
2012-09-21 16:47:51,426 INFO Online with user cnpytoner@gmail.com
2012-09-21 16:49:50,112 INFO Online with user cnpytoner@gmail.com
2012-09-21 16:50:54,145 INFO Online with user cnpytoner@gmail.com
2012-09-21 16:52:08,412 INFO Online with user cnpytoner@gmail.com
2012-09-21 16:54:14,911 INFO Online with user cnpytoner@gmail.com
2012-09-21 16:58:49,560 INFO pythonerclub@gmail.com leave the group
2012-09-21 16:58:53,889 INFO coldnight.linux@gmail.com leave the group
2012-09-21 17:00:25,903 INFO coldnight.linux@gmail.com leave the group
2012-09-21 17:02:34,226 INFO Online with user cnpytoner@gmail.com
2012-09-21 17:02:58,772 INFO Online with user cnpytoner@gmail.com
2012-09-21 17:03:37,603 INFO Online with user cnpytoner@gmail.com
2012-09-21 17:03:40,565 INFO coldnight.linux@gmail.com add in the group
2012-09-21 17:05:34,403 INFO Online with user cnpytoner@gmail.com
2012-09-21 17:06:14,270 INFO Online with user cnpytoner@gmail.com
2012-09-21 17:07:53,664 INFO Online with user cnpytoner@gmail.com
2012-09-21 17:13:23,767 INFO Online with user cnpytoner@gmail.com
2012-09-21 17:15:55,078 INFO Online with user cnpytoner@gmail.com
2012-09-21 17:17:52,875 INFO pythonerclub@gmail.com leave the group
2012-09-21 17:18:49,396 INFO Online with user cnpytoner@gmail.com
2012-09-21 17:22:15,891 INFO Online with user cnpytoner@gmail.com
2012-09-21 17:22:17,044 INFO None type is not support
2012-09-21 17:22:17,051 INFO None type is not support
2012-09-21 17:22:17,052 INFO None type is not support
2012-09-21 17:22:21,941 INFO pythonerclub@gmail.com leave the group
2012-09-21 17:22:21,942 INFO unavailable type is not support
2012-09-21 17:22:21,942 INFO unavailable type is not support
2012-09-21 17:22:21,969 INFO pythonerclub@gmail.com leave the group
2012-09-21 17:22:37,515 INFO pythonerclub@gmail.com add in the group
2012-09-21 17:22:37,516 INFO None type is not support
2012-09-21 17:22:37,517 INFO None type is not support
2012-09-21 17:22:37,517 INFO None type is not support
2012-09-21 17:22:37,518 INFO None type is not support
2012-09-21 17:24:09,687 INFO Online with user cnpytoner@gmail.com
2012-09-21 17:24:10,277 INFO None type is not support
2012-09-21 17:24:10,278 INFO None type is not support
2012-09-21 17:24:10,279 INFO None type is not support
2012-09-21 17:26:16,382 INFO Online with user cnpytoner@gmail.com
2012-09-21 17:26:17,552 INFO None type is not support
2012-09-21 17:26:17,559 INFO None type is not support
2012-09-21 17:26:17,560 INFO None type is not support
2012-09-21 17:31:05,952 INFO Online with user cnpytoner@gmail.com
2012-09-21 17:31:07,187 INFO None type is not support
2012-09-21 17:31:07,192 INFO None type is not support
2012-09-21 17:31:07,193 INFO None type is not support
2012-09-21 17:32:11,680 INFO Online with user cnpytoner@gmail.com
2012-09-21 17:32:12,106 INFO None type is not support
2012-09-21 17:32:12,124 INFO None type is not support
2012-09-21 17:32:12,124 INFO None type is not support
2012-09-21 17:33:02,159 INFO Online with user cnpytoner@gmail.com
2012-09-21 17:33:03,351 WARNING None type is not support
2012-09-21 17:33:03,358 WARNING None type is not support
2012-09-21 17:33:03,359 WARNING None type is not support
2012-09-21 17:34:18,374 INFO Online with user cnpytoner@gmail.com
2012-09-21 17:34:18,814 WARNING None type is not support
2012-09-21 17:34:18,814 WARNING None type is not support
2012-09-21 17:34:18,815 WARNING None type is not support
2012-09-21 17:42:33,572 INFO Online with user pythonerclub@gmail.com
2012-09-21 17:42:34,636 WARNING None type is not support
2012-09-21 17:42:34,636 WARNING None type is not support
2012-09-21 17:44:25,578 INFO Online with user pythonerclub@gmail.com
2012-09-21 17:44:26,665 WARNING None type is not support
2012-09-21 17:44:26,665 WARNING None type is not support
2012-09-21 17:45:24,017 INFO Online with user pythonerclub@gmail.com
2012-09-21 17:45:25,077 WARNING None type is not support
2012-09-21 17:45:25,078 WARNING None type is not support
